CMake Warning (dev) in CMakeLists.txt:
  No project() command is present.  The top-level CMakeLists.txt file must
  contain a literal, direct call to the project() command.  Add a line of
  code such as

    project(ProjectName)

  near the top of the file, but after cmake_minimum_required().

  CMake is pretending there is a "project(Project)" command on the first
  line.
This warning is for project developers.  Use -Wno-dev to suppress it.

-- The C compiler identification is GNU 7.5.0
-- The CXX compiler identification is GNU 7.5.0
-- Detecting C compiler ABI info
-- Detecting C compiler ABI info - done
-- Check for working C compiler: /usr/bin/cc - skipped
-- Detecting C compile features
-- Detecting C compile features - done
-- Detecting CXX compiler ABI info
-- Detecting CXX compiler ABI info - done
-- Check for working CXX compiler: /usr/bin/c++ - skipped
-- Detecting CXX compile features
-- Detecting CXX compile features - done
CMake Deprecation Warning at CMakeLists.txt:4 (cmake_minimum_required):
  Compatibility with CMake < 2.8.12 will be removed from a future version of
  CMake.

  Update the VERSION argument <min> value or use a ...<max> suffix to tell
  CMake that the project does not need compatibility with older versions.


-- Using CATKIN_DEVEL_PREFIX: /home/movemaster/Movemaster_UTFPR/src/matlab_msg_gen_ros1/glnxa64/devel
-- Using CMAKE_PREFIX_PATH: /usr/local/MATLAB/R2021a/sys/ros1/glnxa64/ros1;/usr/local/MATLAB/R2021a/toolbox/ros/mlroscpp/custom_messages
-- This workspace overlays: /usr/local/MATLAB/R2021a/sys/ros1/glnxa64/ros1;/usr/local/MATLAB/R2021a/toolbox/ros/mlroscpp/custom_messages
-- Found PythonInterp: /root/.matlab/R2021a/ros1/glnxa64/venv/bin/python2 (found suitable version "2.7.17", minimum required is "2") 
-- Using PYTHON_EXECUTABLE: /root/.matlab/R2021a/ros1/glnxa64/venv/bin/python2
-- Using Debian Python package layout
-- Using empy: /usr/bin/empy
-- Using CATKIN_ENABLE_TESTING: off
-- catkin 0.7.17
-- BUILD_SHARED_LIBS is on
-- BUILD_SHARED_LIBS is on
-- ~~~~~~~~~~~~~~~~~~~~~~~~~~~~~~~~~~~~~~~~~~~~~~~~~
-- ~~  traversing 1 packages in topological order:
-- ~~  - movemaster_msg
-- ~~~~~~~~~~~~~~~~~~~~~~~~~~~~~~~~~~~~~~~~~~~~~~~~~
-- +++ processing catkin package: 'movemaster_msg'
-- ==> add_subdirectory(movemaster_msg)
-- Disabling the following message generators: geneus;genlisp;gennodejs
-- Using these message generators: gencpp;genpy
-- movemaster_msg: 2 messages, 0 services
-- Configuring done
-- Generating done
CMake Warning:
  Manually-specified variables were not used by the project:

    Boost_NAMESPACE


-- Build files have been written to: /home/movemaster/Movemaster_UTFPR/src/matlab_msg_gen_ros1/glnxa64/build
[1/11] cd /home/movemaster/Movemaster_UTFPR/src/matlab_msg_gen_ros1/glnxa64/build/movemaster_msg && /home/movemaster/Movemaster_UTFPR/src/matlab_msg_gen_ros1/glnxa64/build/catkin_generated/env_cached.sh /root/.matlab/R2021a/ros1/glnxa64/venv/bin/python2 /usr/local/MATLAB/R2021a/sys/ros1/glnxa64/ros1/share/genmsg/cmake/../../../lib/genmsg/genmsg_check_deps.py movemaster_msg /home/movemaster/Movemaster_UTFPR/src/matlab_msg_gen_ros1/glnxa64/src/movemaster_msg/msg/setpoint.msg
[2/11] cd /home/movemaster/Movemaster_UTFPR/src/matlab_msg_gen_ros1/glnxa64/build/movemaster_msg && /home/movemaster/Movemaster_UTFPR/src/matlab_msg_gen_ros1/glnxa64/build/catkin_generated/env_cached.sh /root/.matlab/R2021a/ros1/glnxa64/venv/bin/python2 /usr/local/MATLAB/R2021a/sys/ros1/glnxa64/ros1/share/genmsg/cmake/../../../lib/genmsg/genmsg_check_deps.py movemaster_msg /home/movemaster/Movemaster_UTFPR/src/matlab_msg_gen_ros1/glnxa64/src/movemaster_msg/msg/status.msg
[3/11] Generating C++ code from movemaster_msg/status.msg
[4/11] Generating Python from MSG movemaster_msg/status
[5/11] Generating Python from MSG movemaster_msg/setpoint
[6/11] Generating C++ code from movemaster_msg/setpoint.msg
[7/11] Generating Python msg __init__.py for movemaster_msg
[8/11] Building CXX object movemaster_msg/CMakeFiles/movemaster_msg_matlab.dir/src/movemaster_msg_status_message.cpp.o
[9/11] Building CXX object movemaster_msg/CMakeFiles/movemaster_msg_matlab.dir/src/movemaster_msg_setpoint_message.cpp.o
[10/11] Linking CXX shared library /home/movemaster/Movemaster_UTFPR/src/matlab_msg_gen_ros1/glnxa64/devel/lib/libmovemaster_msg_matlab.so
[10/11] Install the project...
-- Install configuration: "Release"
-- Installing: /home/movemaster/Movemaster_UTFPR/src/matlab_msg_gen_ros1/glnxa64/install/_setup_util.py
-- Installing: /home/movemaster/Movemaster_UTFPR/src/matlab_msg_gen_ros1/glnxa64/install/env.sh
-- Installing: /home/movemaster/Movemaster_UTFPR/src/matlab_msg_gen_ros1/glnxa64/install/setup.bash
-- Installing: /home/movemaster/Movemaster_UTFPR/src/matlab_msg_gen_ros1/glnxa64/install/local_setup.bash
-- Installing: /home/movemaster/Movemaster_UTFPR/src/matlab_msg_gen_ros1/glnxa64/install/setup.sh
-- Installing: /home/movemaster/Movemaster_UTFPR/src/matlab_msg_gen_ros1/glnxa64/install/local_setup.sh
-- Installing: /home/movemaster/Movemaster_UTFPR/src/matlab_msg_gen_ros1/glnxa64/install/setup.zsh
-- Installing: /home/movemaster/Movemaster_UTFPR/src/matlab_msg_gen_ros1/glnxa64/install/local_setup.zsh
-- Installing: /home/movemaster/Movemaster_UTFPR/src/matlab_msg_gen_ros1/glnxa64/install/.rosinstall
-- Installing: /home/movemaster/Movemaster_UTFPR/src/matlab_msg_gen_ros1/glnxa64/install/share/movemaster_msg/msg/setpoint.msg
-- Installing: /home/movemaster/Movemaster_UTFPR/src/matlab_msg_gen_ros1/glnxa64/install/share/movemaster_msg/msg/status.msg
-- Installing: /home/movemaster/Movemaster_UTFPR/src/matlab_msg_gen_ros1/glnxa64/install/share/movemaster_msg/cmake/movemaster_msg-msg-paths.cmake
-- Installing: /home/movemaster/Movemaster_UTFPR/src/matlab_msg_gen_ros1/glnxa64/install/include/movemaster_msg
-- Installing: /home/movemaster/Movemaster_UTFPR/src/matlab_msg_gen_ros1/glnxa64/install/include/movemaster_msg/status.h
-- Installing: /home/movemaster/Movemaster_UTFPR/src/matlab_msg_gen_ros1/glnxa64/install/include/movemaster_msg/setpoint.h
Listing /home/movemaster/Movemaster_UTFPR/src/matlab_msg_gen_ros1/glnxa64/devel/lib/python2.7/dist-packages/movemaster_msg ...
Compiling /home/movemaster/Movemaster_UTFPR/src/matlab_msg_gen_ros1/glnxa64/devel/lib/python2.7/dist-packages/movemaster_msg/__init__.py ...
Listing /home/movemaster/Movemaster_UTFPR/src/matlab_msg_gen_ros1/glnxa64/devel/lib/python2.7/dist-packages/movemaster_msg/msg ...
Compiling /home/movemaster/Movemaster_UTFPR/src/matlab_msg_gen_ros1/glnxa64/devel/lib/python2.7/dist-packages/movemaster_msg/msg/__init__.py ...
Compiling /home/movemaster/Movemaster_UTFPR/src/matlab_msg_gen_ros1/glnxa64/devel/lib/python2.7/dist-packages/movemaster_msg/msg/_setpoint.py ...
Compiling /home/movemaster/Movemaster_UTFPR/src/matlab_msg_gen_ros1/glnxa64/devel/lib/python2.7/dist-packages/movemaster_msg/msg/_status.py ...
-- Installing: /home/movemaster/Movemaster_UTFPR/src/matlab_msg_gen_ros1/glnxa64/install/lib/python2.7/dist-packages/movemaster_msg
-- Installing: /home/movemaster/Movemaster_UTFPR/src/matlab_msg_gen_ros1/glnxa64/install/lib/python2.7/dist-packages/movemaster_msg/msg
-- Installing: /home/movemaster/Movemaster_UTFPR/src/matlab_msg_gen_ros1/glnxa64/install/lib/python2.7/dist-packages/movemaster_msg/msg/_setpoint.pyc
-- Installing: /home/movemaster/Movemaster_UTFPR/src/matlab_msg_gen_ros1/glnxa64/install/lib/python2.7/dist-packages/movemaster_msg/msg/_status.py
-- Installing: /home/movemaster/Movemaster_UTFPR/src/matlab_msg_gen_ros1/glnxa64/install/lib/python2.7/dist-packages/movemaster_msg/msg/__init__.py
-- Installing: /home/movemaster/Movemaster_UTFPR/src/matlab_msg_gen_ros1/glnxa64/install/lib/python2.7/dist-packages/movemaster_msg/msg/__init__.pyc
-- Installing: /home/movemaster/Movemaster_UTFPR/src/matlab_msg_gen_ros1/glnxa64/install/lib/python2.7/dist-packages/movemaster_msg/msg/_status.pyc
-- Installing: /home/movemaster/Movemaster_UTFPR/src/matlab_msg_gen_ros1/glnxa64/install/lib/python2.7/dist-packages/movemaster_msg/msg/_setpoint.py
-- Installing: /home/movemaster/Movemaster_UTFPR/src/matlab_msg_gen_ros1/glnxa64/install/lib/python2.7/dist-packages/movemaster_msg/__init__.py
-- Installing: /home/movemaster/Movemaster_UTFPR/src/matlab_msg_gen_ros1/glnxa64/install/lib/python2.7/dist-packages/movemaster_msg/__init__.pyc
-- Installing: /home/movemaster/Movemaster_UTFPR/src/matlab_msg_gen_ros1/glnxa64/install/lib/pkgconfig/movemaster_msg.pc
-- Installing: /home/movemaster/Movemaster_UTFPR/src/matlab_msg_gen_ros1/glnxa64/install/share/movemaster_msg/cmake/movemaster_msg-msg-extras.cmake
-- Installing: /home/movemaster/Movemaster_UTFPR/src/matlab_msg_gen_ros1/glnxa64/install/share/movemaster_msg/cmake/movemaster_msgConfig.cmake
-- Installing: /home/movemaster/Movemaster_UTFPR/src/matlab_msg_gen_ros1/glnxa64/install/share/movemaster_msg/cmake/movemaster_msgConfig-version.cmake
-- Installing: /home/movemaster/Movemaster_UTFPR/src/matlab_msg_gen_ros1/glnxa64/install/share/movemaster_msg/package.xml
-- Up-to-date: /home/movemaster/Movemaster_UTFPR/src/matlab_msg_gen_ros1/glnxa64/install/include
-- Up-to-date: /home/movemaster/Movemaster_UTFPR/src/matlab_msg_gen_ros1/glnxa64/install/include/movemaster_msg
-- Installing: /home/movemaster/Movemaster_UTFPR/src/matlab_msg_gen_ros1/glnxa64/install/include/movemaster_msg/visibility_control.h
-- Installing: /home/movemaster/Movemaster_UTFPR/src/matlab_msg_gen_ros1/glnxa64/install/lib/libmovemaster_msg_matlab.so
-- Installing: /home/movemaster/Movemaster_UTFPR/src/matlab_msg_gen_ros1/glnxa64/install/m/
-- Installing: /home/movemaster/Movemaster_UTFPR/src/matlab_msg_gen_ros1/glnxa64/install/m//+ros
-- Installing: /home/movemaster/Movemaster_UTFPR/src/matlab_msg_gen_ros1/glnxa64/install/m//+ros/+internal
-- Installing: /home/movemaster/Movemaster_UTFPR/src/matlab_msg_gen_ros1/glnxa64/install/m//+ros/+internal/+ros
-- Installing: /home/movemaster/Movemaster_UTFPR/src/matlab_msg_gen_ros1/glnxa64/install/m//+ros/+internal/+ros/+custommessages
-- Installing: /home/movemaster/Movemaster_UTFPR/src/matlab_msg_gen_ros1/glnxa64/install/m//+ros/+internal/+ros/+custommessages/+movemaster_msg
-- Installing: /home/movemaster/Movemaster_UTFPR/src/matlab_msg_gen_ros1/glnxa64/install/m//+ros/+internal/+ros/+custommessages/+movemaster_msg/status.m
-- Installing: /home/movemaster/Movemaster_UTFPR/src/matlab_msg_gen_ros1/glnxa64/install/m//+ros/+internal/+ros/+custommessages/+movemaster_msg/setpoint.m
-- Installing: /home/movemaster/Movemaster_UTFPR/src/matlab_msg_gen_ros1/glnxa64/install/m//+ros/+msggen
-- Installing: /home/movemaster/Movemaster_UTFPR/src/matlab_msg_gen_ros1/glnxa64/install/m//+ros/+msggen/+movemaster_msg
-- Installing: /home/movemaster/Movemaster_UTFPR/src/matlab_msg_gen_ros1/glnxa64/install/m//+ros/+msggen/+movemaster_msg/status.m
-- Installing: /home/movemaster/Movemaster_UTFPR/src/matlab_msg_gen_ros1/glnxa64/install/m//+ros/+msggen/+movemaster_msg/setpoint.m
Base path: /home/movemaster/Movemaster_UTFPR/src/matlab_msg_gen_ros1/glnxa64
Source space: /home/movemaster/Movemaster_UTFPR/src/matlab_msg_gen_ros1/glnxa64/src
Build space: /home/movemaster/Movemaster_UTFPR/src/matlab_msg_gen_ros1/glnxa64/build
Devel space: /home/movemaster/Movemaster_UTFPR/src/matlab_msg_gen_ros1/glnxa64/devel
Install space: /home/movemaster/Movemaster_UTFPR/src/matlab_msg_gen_ros1/glnxa64/install
Creating symlink "/home/movemaster/Movemaster_UTFPR/src/matlab_msg_gen_ros1/glnxa64/src/CMakeLists.txt" pointing to "/usr/local/MATLAB/R2021a/sys/ros1/glnxa64/ros1/share/catkin/cmake/toplevel.cmake"
####
#### Running command: "cmake /home/movemaster/Movemaster_UTFPR/src/matlab_msg_gen_ros1/glnxa64/src -DBoost_NAMESPACE=mwboost -DCATKIN_ENABLE_TESTING=off -DCMAKE_PREFIX_PATH=/usr/local/MATLAB/R2021a/sys/ros1/glnxa64/ros1;/usr/local/MATLAB/R2021a/toolbox/ros/mlroscpp/custom_messages -DCMAKE_BUILD_TYPE=Release -DCMAKE_CXX_FLAGS_RELEASE=-O0 -DCATKIN_DEVEL_PREFIX=/home/movemaster/Movemaster_UTFPR/src/matlab_msg_gen_ros1/glnxa64/devel -DCMAKE_INSTALL_PREFIX=/home/movemaster/Movemaster_UTFPR/src/matlab_msg_gen_ros1/glnxa64/install -G Ninja" in "/home/movemaster/Movemaster_UTFPR/src/matlab_msg_gen_ros1/glnxa64/build"
####
####
#### Running command: "ninja install install -j8 -l8" in "/home/movemaster/Movemaster_UTFPR/src/matlab_msg_gen_ros1/glnxa64/build"
####
